2025-07-03 14:30:03: Starting Keylime attestation monitoring...
2025-07-03 14:30:35: Status: Registered, Attestations: 80
2025-07-03 14:30:35: ⚠️  Approaching swtpm attestation limit (80 >= 75) - performing proactive TPM reset
2025-07-03 14:30:35: Resetting TPM state to work around swtpm limitations...
2025-07-03 14:30:35: Clearing TPM state directory...
2025-07-03 14:31:10: Restarting agent and re-registering...
2025-07-03 14:32:03: Agent restart failed
2025-07-03 14:32:08: TPM state reset completed
2025-07-03 14:33:42: Status: Registered, Attestations: 80
2025-07-03 14:33:42: ⚠️  Approaching swtpm attestation limit (80 >= 75) - performing proactive TPM reset
2025-07-03 14:33:42: Resetting TPM state to work around swtpm limitations...
2025-07-03 14:33:42: Clearing TPM state directory...
2025-07-03 14:34:08: Performing full system restart...
2025-07-03 14:34:53: Performing full system restart...
2025-07-03 14:35:30: Full restart completed
2025-07-03 14:35:30: Restarting agent and re-registering...
2025-07-03 14:35:52: Agent restart failed
2025-07-03 15:03:01: Performing full system restart...
2025-07-03 15:03:37: Full restart completed
2025-07-03 15:03:42: Starting Keylime attestation monitoring...
2025-07-03 15:03:44: Status: , Attestations: 
2025-07-03 15:03:44: ❌ Unhealthy state: 
2025-07-03 15:03:44: Health issue detected (failure #1)
2025-07-03 15:03:44: Attempting agent restart...
2025-07-03 15:03:44: Restarting agent and re-registering...
2025-07-03 15:04:07: Agent restart failed
2025-07-03 15:04:11: Status: , Attestations: 
2025-07-03 15:04:11: ❌ Unhealthy state: 
2025-07-03 15:04:11: Health issue detected (failure #2)
2025-07-03 15:04:11: Attempting agent restart...
2025-07-03 15:04:11: Restarting agent and re-registering...
2025-07-03 15:04:33: Agent restart failed
2025-07-03 15:04:37: Status: , Attestations: 
2025-07-03 15:04:37: ❌ Unhealthy state: 
2025-07-03 15:04:37: Health issue detected (failure #3)
2025-07-03 15:04:37: Multiple failures - performing full restart...
2025-07-03 15:04:37: Performing full system restart...
2025-07-03 15:05:14: Full restart completed
2025-07-03 15:05:18: Status: , Attestations: 
2025-07-03 15:05:18: ❌ Unhealthy state: 
2025-07-03 15:05:18: Health issue detected (failure #1)
2025-07-03 15:05:18: Attempting agent restart...
2025-07-03 15:05:18: Restarting agent and re-registering...
2025-07-03 15:06:14: Resetting TPM state to work around swtpm limitations...
2025-07-03 15:06:36: Clearing TPM state directory...
2025-07-03 15:07:13: Restarting agent and re-registering...
2025-07-03 15:07:35: Agent restart successful
2025-07-03 15:07:40: TPM state reset completed
2025-07-03 15:08:22: Starting Keylime attestation monitoring...
2025-07-03 15:08:24: Status: Get Quote, Attestations: 23
2025-07-03 15:08:24: ✅ Healthy - attestations progressing (23 total)
2025-07-03 15:08:28: Status: Get Quote, Attestations: 25
2025-07-03 15:08:28: ✅ Healthy - attestations progressing (25 total)
2025-07-03 15:08:32: Status: Get Quote, Attestations: 27
2025-07-03 15:08:32: ✅ Healthy - attestations progressing (27 total)
2025-07-03 15:08:36: Status: Get Quote, Attestations: 29
2025-07-03 15:08:36: ✅ Healthy - attestations progressing (29 total)
2025-07-03 15:08:41: Status: Get Quote, Attestations: 31
2025-07-03 15:08:41: ✅ Healthy - attestations progressing (31 total)
2025-07-03 15:08:45: Status: Get Quote, Attestations: 33
2025-07-03 15:08:45: ✅ Healthy - attestations progressing (33 total)
2025-07-03 15:08:49: Status: Get Quote, Attestations: 35
2025-07-03 15:08:49: ✅ Healthy - attestations progressing (35 total)
2025-07-03 15:08:53: Status: Get Quote, Attestations: 37
2025-07-03 15:08:53: ✅ Healthy - attestations progressing (37 total)
2025-07-03 15:08:57: Status: Get Quote, Attestations: 39
2025-07-03 15:08:57: ✅ Healthy - attestations progressing (39 total)
2025-07-03 15:09:01: Status: Get Quote, Attestations: 41
2025-07-03 15:09:01: ✅ Healthy - attestations progressing (41 total)
2025-07-03 15:09:05: Status: Get Quote, Attestations: 43
2025-07-03 15:09:05: ✅ Healthy - attestations progressing (43 total)
2025-07-03 15:09:09: Status: Get Quote, Attestations: 45
2025-07-03 15:09:09: ✅ Healthy - attestations progressing (45 total)
2025-07-03 15:09:13: Status: Get Quote, Attestations: 47
2025-07-03 15:09:13: ✅ Healthy - attestations progressing (47 total)
2025-07-03 15:09:17: Status: Get Quote, Attestations: 49
2025-07-03 15:09:17: ✅ Healthy - attestations progressing (49 total)
2025-07-03 15:31:54: Restarting agent and re-registering...
2025-07-03 15:32:47: Agent restart failed
2025-07-03 15:34:26: Performing full system restart...
2025-07-03 15:35:26: Full restart completed
2025-07-03 15:35:37: Restarting agent and re-registering...
2025-07-03 15:36:00: Agent restart successful
2025-07-03 15:36:14: Starting Keylime attestation monitoring...
2025-07-03 15:36:16: Status: Get Quote, Attestations: 8
2025-07-03 15:36:16: ✅ Healthy - attestations progressing (8 total)
2025-07-03 15:36:20: Status: Get Quote, Attestations: 10
2025-07-03 15:36:20: ✅ Healthy - attestations progressing (10 total)
2025-07-03 15:36:24: Status: Get Quote, Attestations: 12
2025-07-03 15:36:24: ✅ Healthy - attestations progressing (12 total)
2025-07-03 15:36:28: Status: Get Quote, Attestations: 14
2025-07-03 15:36:28: ✅ Healthy - attestations progressing (14 total)
2025-07-03 15:36:32: Status: Get Quote, Attestations: 16
2025-07-03 15:36:32: ✅ Healthy - attestations progressing (16 total)
2025-07-03 15:36:36: Status: Get Quote, Attestations: 18
2025-07-03 15:36:36: ✅ Healthy - attestations progressing (18 total)
2025-07-03 15:36:40: Status: Get Quote, Attestations: 20
2025-07-03 15:36:40: ✅ Healthy - attestations progressing (20 total)
2025-07-03 15:36:44: Status: Get Quote, Attestations: 22
2025-07-03 15:36:44: ✅ Healthy - attestations progressing (22 total)
2025-07-03 15:36:48: Status: Get Quote, Attestations: 24
2025-07-03 15:36:48: ✅ Healthy - attestations progressing (24 total)
2025-07-03 15:36:52: Status: Get Quote, Attestations: 26
2025-07-03 15:36:52: ✅ Healthy - attestations progressing (26 total)
2025-07-03 15:36:56: Status: Get Quote, Attestations: 28
2025-07-03 15:36:56: ✅ Healthy - attestations progressing (28 total)
2025-07-03 15:37:00: Status: Get Quote, Attestations: 30
2025-07-03 15:37:00: ✅ Healthy - attestations progressing (30 total)
2025-07-03 15:37:04: Status: Get Quote, Attestations: 31
2025-07-03 15:37:04: ✅ Healthy - attestations progressing (31 total)
2025-07-03 15:37:08: Status: Get Quote, Attestations: 33
2025-07-03 15:37:08: ✅ Healthy - attestations progressing (33 total)
2025-07-03 15:37:12: Status: Get Quote, Attestations: 35
2025-07-03 15:37:12: ✅ Healthy - attestations progressing (35 total)
2025-07-03 15:37:16: Status: Get Quote, Attestations: 37
2025-07-03 15:37:16: ✅ Healthy - attestations progressing (37 total)
2025-07-03 15:37:20: Status: Get Quote, Attestations: 39
2025-07-03 15:37:20: ✅ Healthy - attestations progressing (39 total)
2025-07-03 15:37:24: Status: Get Quote, Attestations: 41
2025-07-03 15:37:24: ✅ Healthy - attestations progressing (41 total)
2025-07-03 15:37:28: Status: Get Quote, Attestations: 43
2025-07-03 15:37:28: ✅ Healthy - attestations progressing (43 total)
2025-07-03 15:37:33: Status: Get Quote, Attestations: 45
2025-07-03 15:37:33: ✅ Healthy - attestations progressing (45 total)
2025-07-03 15:37:37: Status: Get Quote, Attestations: 47
2025-07-03 15:37:37: ✅ Healthy - attestations progressing (47 total)
2025-07-03 15:37:41: Status: Get Quote, Attestations: 49
2025-07-03 15:37:41: ✅ Healthy - attestations progressing (49 total)
2025-07-03 15:37:45: Status: Get Quote, Attestations: 51
2025-07-03 15:37:45: ✅ Healthy - attestations progressing (51 total)
2025-07-03 15:37:49: Status: Get Quote, Attestations: 53
2025-07-03 15:37:49: ✅ Healthy - attestations progressing (53 total)
2025-07-03 15:37:53: Status: Get Quote, Attestations: 55
2025-07-03 15:37:53: ✅ Healthy - attestations progressing (55 total)
2025-07-03 15:37:57: Status: Get Quote, Attestations: 57
2025-07-03 15:37:57: ✅ Healthy - attestations progressing (57 total)
2025-07-03 15:38:01: Status: Get Quote, Attestations: 58
2025-07-03 15:38:01: ✅ Healthy - attestations progressing (58 total)
2025-07-03 15:38:05: Status: Get Quote, Attestations: 60
2025-07-03 15:38:05: ✅ Healthy - attestations progressing (60 total)
2025-07-03 15:38:09: Status: Get Quote, Attestations: 62
2025-07-03 15:38:09: ✅ Healthy - attestations progressing (62 total)
2025-07-03 15:38:13: Status: Get Quote, Attestations: 64
2025-07-03 15:38:13: ✅ Healthy - attestations progressing (64 total)
2025-07-03 15:38:17: Status: Get Quote, Attestations: 66
2025-07-03 15:38:17: ✅ Healthy - attestations progressing (66 total)
2025-07-03 15:38:21: Status: Get Quote, Attestations: 68
2025-07-03 15:38:21: ✅ Healthy - attestations progressing (68 total)
2025-07-03 15:38:25: Status: Get Quote, Attestations: 70
2025-07-03 15:38:25: ✅ Healthy - attestations progressing (70 total)
2025-07-03 15:38:29: Status: Get Quote, Attestations: 70
2025-07-03 15:38:33: Status: Get Quote, Attestations: 70
2025-07-03 15:38:37: Status: Get Quote, Attestations: 70
2025-07-03 15:38:37: ⚠️  Attestations appear stale
2025-07-03 15:38:37: Health issue detected (failure #1)
2025-07-03 15:38:37: Attempting agent restart...
2025-07-03 15:38:37: Restarting agent and re-registering...
2025-07-03 15:39:30: Agent restart failed
2025-07-03 15:39:34: Status: Terminated, Attestations: 70
2025-07-03 15:39:34: ❌ Unhealthy state: Terminated
2025-07-03 15:39:34: Health issue detected (failure #2)
2025-07-03 15:39:34: Attempting agent restart...
2025-07-03 15:39:34: Restarting agent and re-registering...
2025-07-03 15:40:26: Agent restart failed
2025-07-03 15:40:30: Status: , Attestations: 
2025-07-03 15:40:30: ❌ Unhealthy state: 
2025-07-03 15:40:30: Health issue detected (failure #3)
2025-07-03 15:40:30: Multiple failures - performing full restart...
2025-07-03 15:40:30: Performing full system restart...
2025-07-03 15:41:31: Full restart completed
2025-07-03 15:41:35: Status: Terminated, Attestations: 70
2025-07-03 15:41:35: ❌ Unhealthy state: Terminated
2025-07-03 15:41:35: Health issue detected (failure #1)
2025-07-03 15:41:35: Attempting agent restart...
2025-07-03 15:41:35: Restarting agent and re-registering...
2025-07-03 15:41:58: Agent restart successful
2025-07-03 15:42:02: Status: Get Quote, Attestations: 2
2025-07-03 15:42:06: Status: Get Quote, Attestations: 4
2025-07-03 15:42:10: Status: Get Quote, Attestations: 6
2025-07-03 15:42:10: ⚠️  Attestations appear stale
2025-07-03 15:42:10: Health issue detected (failure #2)
2025-07-03 15:42:10: Attempting agent restart...
2025-07-03 15:42:10: Restarting agent and re-registering...
2025-07-03 15:42:33: Agent restart successful
2025-07-03 15:42:37: Status: Get Quote, Attestations: 2
2025-07-03 15:42:41: Status: Get Quote, Attestations: 4
